{"/home/sanafm/Documents/Blinkist-app/src/App.tsx": {"path":"/home/sanafm/Documents/Blinkist-app/src/App.tsx","statementMap":{"0":{"start":{"line":14,"column":2},"end":{"line":22,"column":4}}},"fnMap":{"0":{"name":"App","decl":{"start":{"line":13,"column":9},"end":{"line":13,"column":12}},"loc":{"start":{"line":13,"column":15},"end":{"line":23,"column":1}},"line":13}},"branchMap":{},"s":{"0":1},"f":{"0":1},"b":{},"_coverageSchema":"1a1c01bbd47fc00a2c39e90264f33305004495a9","hash":"314941b4061bba13004d66dd00b2eb9cf48ee6c9"}
,"/home/sanafm/Documents/Blinkist-app/src/index.tsx": {"path":"/home/sanafm/Documents/Blinkist-app/src/index.tsx","statementMap":{"0":{"start":{"line":15,"column":0},"end":{"line":30,"column":2}},"1":{"start":{"line":35,"column":0},"end":{"line":35,"column":18}}},"fnMap":{},"branchMap":{},"s":{"0":0,"1":0},"f":{},"b":{}}
,"/home/sanafm/Documents/Blinkist-app/src/reportWebVitals.ts": {"path":"/home/sanafm/Documents/Blinkist-app/src/reportWebVitals.ts","statementMap":{"0":{"start":{"line":3,"column":24},"end":{"line":13,"column":1}},"1":{"start":{"line":4,"column":2},"end":{"line":12,"column":3}},"2":{"start":{"line":5,"column":4},"end":{"line":11,"column":7}},"3":{"start":{"line":6,"column":6},"end":{"line":6,"column":26}},"4":{"start":{"line":7,"column":6},"end":{"line":7,"column":26}},"5":{"start":{"line":8,"column":6},"end":{"line":8,"column":26}},"6":{"start":{"line":9,"column":6},"end":{"line":9,"column":26}},"7":{"start":{"line":10,"column":6},"end":{"line":10,"column":27}}},"fnMap":{"0":{"name":"(anonymous_0)","decl":{"start":{"line":3,"column":24},"end":{"line":3,"column":25}},"loc":{"start":{"line":3,"column":57},"end":{"line":13,"column":1}},"line":3},"1":{"name":"(anonymous_1)","decl":{"start":{"line":5,"column":30},"end":{"line":5,"column":31}},"loc":{"start":{"line":5,"column":79},"end":{"line":11,"column":5}},"line":5}},"branchMap":{"0":{"loc":{"start":{"line":4,"column":2},"end":{"line":12,"column":3}},"type":"if","locations":[{"start":{"line":4,"column":2},"end":{"line":12,"column":3}},{"start":{},"end":{}}],"line":4},"1":{"loc":{"start":{"line":4,"column":6},"end":{"line":4,"column":52}},"type":"binary-expr","locations":[{"start":{"line":4,"column":6},"end":{"line":4,"column":17}},{"start":{"line":4,"column":21},"end":{"line":4,"column":52}}],"line":4}},"s":{"0":0,"1":0,"2":0,"3":0,"4":0,"5":0,"6":0,"7":0},"f":{"0":0,"1":0},"b":{"0":[0,0],"1":[0,0]}}
,"/home/sanafm/Documents/Blinkist-app/src/Components/Template/TemplateComponent.tsx": {"path":"/home/sanafm/Documents/Blinkist-app/src/Components/Template/TemplateComponent.tsx","statementMap":{"0":{"start":{"line":13,"column":26},"end":{"line":79,"column":1}},"1":{"start":{"line":14,"column":46},"end":{"line":14,"column":70}},"2":{"start":{"line":15,"column":42},"end":{"line":15,"column":66}},"3":{"start":{"line":16,"column":30},"end":{"line":19,"column":5}},"4":{"start":{"line":17,"column":8},"end":{"line":17,"column":41}},"5":{"start":{"line":18,"column":8},"end":{"line":18,"column":39}},"6":{"start":{"line":20,"column":30},"end":{"line":20,"column":49}},"7":{"start":{"line":21,"column":28},"end":{"line":21,"column":47}},"8":{"start":{"line":22,"column":34},"end":{"line":22,"column":53}},"9":{"start":{"line":23,"column":4},"end":{"line":36,"column":11}},"10":{"start":{"line":24,"column":26},"end":{"line":34,"column":9}},"11":{"start":{"line":25,"column":27},"end":{"line":25,"column":69}},"12":{"start":{"line":26,"column":24},"end":{"line":26,"column":45}},"13":{"start":{"line":27,"column":12},"end":{"line":27,"column":27}},"14":{"start":{"line":28,"column":12},"end":{"line":28,"column":68}},"15":{"start":{"line":29,"column":27},"end":{"line":29,"column":48}},"16":{"start":{"line":30,"column":12},"end":{"line":30,"column":33}},"17":{"start":{"line":31,"column":12},"end":{"line":31,"column":66}},"18":{"start":{"line":32,"column":25},"end":{"line":32,"column":46}},"19":{"start":{"line":33,"column":12},"end":{"line":33,"column":29}},"20":{"start":{"line":35,"column":8},"end":{"line":35,"column":20}},"21":{"start":{"line":38,"column":4},"end":{"line":78,"column":5}}},"fnMap":{"0":{"name":"(anonymous_0)","decl":{"start":{"line":13,"column":26},"end":{"line":13,"column":27}},"loc":{"start":{"line":13,"column":32},"end":{"line":79,"column":1}},"line":13},"1":{"name":"(anonymous_1)","decl":{"start":{"line":16,"column":30},"end":{"line":16,"column":31}},"loc":{"start":{"line":16,"column":36},"end":{"line":19,"column":5}},"line":16},"2":{"name":"(anonymous_2)","decl":{"start":{"line":23,"column":14},"end":{"line":23,"column":15}},"loc":{"start":{"line":23,"column":20},"end":{"line":36,"column":5}},"line":23},"3":{"name":"(anonymous_3)","decl":{"start":{"line":24,"column":26},"end":{"line":24,"column":27}},"loc":{"start":{"line":24,"column":38},"end":{"line":34,"column":9}},"line":24}},"branchMap":{"0":{"loc":{"start":{"line":39,"column":8},"end":{"line":77,"column":14}},"type":"cond-expr","locations":[{"start":{"line":41,"column":8},"end":{"line":43,"column":20}},{"start":{"line":45,"column":8},"end":{"line":77,"column":14}}],"line":39},"1":{"loc":{"start":{"line":39,"column":9},"end":{"line":39,"column":36}},"type":"binary-expr","locations":[{"start":{"line":39,"column":9},"end":{"line":39,"column":14}},{"start":{"line":39,"column":18},"end":{"line":39,"column":26}},{"start":{"line":39,"column":30},"end":{"line":39,"column":36}}],"line":39},"2":{"loc":{"start":{"line":72,"column":21},"end":{"line":72,"column":79}},"type":"cond-expr","locations":[{"start":{"line":72,"column":37},"end":{"line":72,"column":74}},{"start":{"line":72,"column":77},"end":{"line":72,"column":79}}],"line":72},"3":{"loc":{"start":{"line":76,"column":13},"end":{"line":76,"column":40}},"type":"cond-expr","locations":[{"start":{"line":76,"column":27},"end":{"line":76,"column":35}},{"start":{"line":76,"column":38},"end":{"line":76,"column":40}}],"line":76}},"s":{"0":2,"1":2,"2":2,"3":2,"4":0,"5":0,"6":2,"7":2,"8":2,"9":2,"10":1,"11":1,"12":0,"13":0,"14":0,"15":0,"16":0,"17":0,"18":0,"19":0,"20":1,"21":2},"f":{"0":2,"1":0,"2":1,"3":1},"b":{"0":[2,0],"1":[2,0,0],"2":[0,0],"3":[0,0]},"_coverageSchema":"1a1c01bbd47fc00a2c39e90264f33305004495a9","hash":"8e7e61b42430ea00c898f54e7fd8b3b9ea154a46"}
,"/home/sanafm/Documents/Blinkist-app/src/Components/atoms/Avatar/index.stories.tsx": {"path":"/home/sanafm/Documents/Blinkist-app/src/Components/atoms/Avatar/index.stories.tsx","statementMap":{"0":{"start":{"line":8,"column":59},"end":{"line":10,"column":3}},"1":{"start":{"line":9,"column":4},"end":{"line":9,"column":54}},"2":{"start":{"line":12,"column":31},"end":{"line":12,"column":54}},"3":{"start":{"line":13,"column":2},"end":{"line":15,"column":4}}},"fnMap":{"0":{"name":"(anonymous_0)","decl":{"start":{"line":8,"column":59},"end":{"line":8,"column":60}},"loc":{"start":{"line":9,"column":4},"end":{"line":9,"column":54}},"line":9}},"branchMap":{},"s":{"0":0,"1":0,"2":0,"3":0},"f":{"0":0},"b":{}}
,"/home/sanafm/Documents/Blinkist-app/src/Components/atoms/Avatar/index.tsx": {"path":"/home/sanafm/Documents/Blinkist-app/src/Components/atoms/Avatar/index.tsx","statementMap":{"0":{"start":{"line":6,"column":4},"end":{"line":10,"column":5}}},"fnMap":{"0":{"name":"AvatarComp","decl":{"start":{"line":5,"column":9},"end":{"line":5,"column":19}},"loc":{"start":{"line":5,"column":32},"end":{"line":11,"column":1}},"line":5}},"branchMap":{},"s":{"0":2},"f":{"0":2},"b":{},"_coverageSchema":"1a1c01bbd47fc00a2c39e90264f33305004495a9","hash":"c61c93784aa7c89332069ad628dceddb135d9c5c"}
,"/home/sanafm/Documents/Blinkist-app/src/Components/atoms/Blank/index.tsx": {"path":"/home/sanafm/Documents/Blinkist-app/src/Components/atoms/Blank/index.tsx","statementMap":{"0":{"start":{"line":3,"column":23},"end":{"line":8,"column":1}},"1":{"start":{"line":4,"column":4},"end":{"line":7,"column":11}}},"fnMap":{"0":{"name":"(anonymous_0)","decl":{"start":{"line":3,"column":23},"end":{"line":3,"column":24}},"loc":{"start":{"line":3,"column":27},"end":{"line":8,"column":1}},"line":3}},"branchMap":{},"s":{"0":3,"1":1},"f":{"0":1},"b":{},"_coverageSchema":"1a1c01bbd47fc00a2c39e90264f33305004495a9","hash":"3ef301b27e23409d09fae058c610e115d0526719"}
,"/home/sanafm/Documents/Blinkist-app/src/Components/atoms/Button/index.stories.tsx": {"path":"/home/sanafm/Documents/Blinkist-app/src/Components/atoms/Button/index.stories.tsx","statementMap":{"0":{"start":{"line":14,"column":62},"end":{"line":16,"column":1}},"1":{"start":{"line":15,"column":2},"end":{"line":15,"column":62}},"2":{"start":{"line":18,"column":29},"end":{"line":18,"column":52}},"3":{"start":{"line":19,"column":0},"end":{"line":23,"column":2}},"4":{"start":{"line":25,"column":31},"end":{"line":25,"column":54}},"5":{"start":{"line":26,"column":0},"end":{"line":30,"column":2}}},"fnMap":{"0":{"name":"(anonymous_0)","decl":{"start":{"line":14,"column":62},"end":{"line":14,"column":63}},"loc":{"start":{"line":15,"column":2},"end":{"line":15,"column":62}},"line":15}},"branchMap":{},"s":{"0":0,"1":0,"2":0,"3":0,"4":0,"5":0},"f":{"0":0},"b":{}}
,"/home/sanafm/Documents/Blinkist-app/src/Components/atoms/Button/index.tsx": {"path":"/home/sanafm/Documents/Blinkist-app/src/Components/atoms/Button/index.tsx","statementMap":{"0":{"start":{"line":7,"column":24},"end":{"line":15,"column":1}},"1":{"start":{"line":8,"column":2},"end":{"line":14,"column":3}}},"fnMap":{"0":{"name":"(anonymous_0)","decl":{"start":{"line":7,"column":24},"end":{"line":7,"column":25}},"loc":{"start":{"line":7,"column":39},"end":{"line":15,"column":1}},"line":7}},"branchMap":{},"s":{"0":5,"1":16},"f":{"0":16},"b":{},"_coverageSchema":"1a1c01bbd47fc00a2c39e90264f33305004495a9","hash":"baeeb0ca282b878ef27a877c30be3375267b5dfa"}
,"/home/sanafm/Documents/Blinkist-app/src/Components/atoms/Icons/index.stories.tsx": {"path":"/home/sanafm/Documents/Blinkist-app/src/Components/atoms/Icons/index.stories.tsx","statementMap":{"0":{"start":{"line":9,"column":22},"end":{"line":12,"column":31}},"1":{"start":{"line":14,"column":50},"end":{"line":14,"column":116}},"2":{"start":{"line":14,"column":60},"end":{"line":14,"column":116}},"3":{"start":{"line":15,"column":51},"end":{"line":15,"column":104}},"4":{"start":{"line":15,"column":61},"end":{"line":15,"column":104}},"5":{"start":{"line":16,"column":53},"end":{"line":16,"column":101}},"6":{"start":{"line":16,"column":63},"end":{"line":16,"column":101}},"7":{"start":{"line":17,"column":51},"end":{"line":17,"column":95}},"8":{"start":{"line":17,"column":61},"end":{"line":17,"column":95}},"9":{"start":{"line":18,"column":53},"end":{"line":18,"column":94}},"10":{"start":{"line":18,"column":63},"end":{"line":18,"column":94}}},"fnMap":{"0":{"name":"(anonymous_0)","decl":{"start":{"line":14,"column":50},"end":{"line":14,"column":51}},"loc":{"start":{"line":14,"column":60},"end":{"line":14,"column":116}},"line":14},"1":{"name":"(anonymous_1)","decl":{"start":{"line":15,"column":51},"end":{"line":15,"column":52}},"loc":{"start":{"line":15,"column":61},"end":{"line":15,"column":104}},"line":15},"2":{"name":"(anonymous_2)","decl":{"start":{"line":16,"column":53},"end":{"line":16,"column":54}},"loc":{"start":{"line":16,"column":63},"end":{"line":16,"column":101}},"line":16},"3":{"name":"(anonymous_3)","decl":{"start":{"line":17,"column":51},"end":{"line":17,"column":52}},"loc":{"start":{"line":17,"column":61},"end":{"line":17,"column":95}},"line":17},"4":{"name":"(anonymous_4)","decl":{"start":{"line":18,"column":53},"end":{"line":18,"column":54}},"loc":{"start":{"line":18,"column":63},"end":{"line":18,"column":94}},"line":18}},"branchMap":{},"s":{"0":0,"1":0,"2":0,"3":0,"4":0,"5":0,"6":0,"7":0,"8":0,"9":0,"10":0},"f":{"0":0,"1":0,"2":0,"3":0,"4":0},"b":{}}
,"/home/sanafm/Documents/Blinkist-app/src/Components/atoms/Icons/index.tsx": {"path":"/home/sanafm/Documents/Blinkist-app/src/Components/atoms/Icons/index.tsx","statementMap":{"0":{"start":{"line":3,"column":22},"end":{"line":9,"column":1}},"1":{"start":{"line":4,"column":4},"end":{"line":8,"column":6}}},"fnMap":{"0":{"name":"(anonymous_0)","decl":{"start":{"line":3,"column":22},"end":{"line":3,"column":23}},"loc":{"start":{"line":3,"column":47},"end":{"line":9,"column":1}},"line":3}},"branchMap":{},"s":{"0":8,"1":123},"f":{"0":123},"b":{},"_coverageSchema":"1a1c01bbd47fc00a2c39e90264f33305004495a9","hash":"c0f2aa1696ca88b8beeb8dd6f152c598ff3d02b7"}
,"/home/sanafm/Documents/Blinkist-app/src/Components/atoms/Images/index.stories.tsx": {"path":"/home/sanafm/Documents/Blinkist-app/src/Components/atoms/Images/index.stories.tsx","statementMap":{"0":{"start":{"line":4,"column":23},"end":{"line":7,"column":32}},"1":{"start":{"line":9,"column":55},"end":{"line":9,"column":88}},"2":{"start":{"line":9,"column":69},"end":{"line":9,"column":88}},"3":{"start":{"line":11,"column":0},"end":{"line":16,"column":1}}},"fnMap":{"0":{"name":"(anonymous_0)","decl":{"start":{"line":9,"column":55},"end":{"line":9,"column":56}},"loc":{"start":{"line":9,"column":69},"end":{"line":9,"column":88}},"line":9}},"branchMap":{},"s":{"0":0,"1":0,"2":0,"3":0},"f":{"0":0},"b":{}}
,"/home/sanafm/Documents/Blinkist-app/src/Components/atoms/Images/index.tsx": {"path":"/home/sanafm/Documents/Blinkist-app/src/Components/atoms/Images/index.tsx","statementMap":{"0":{"start":{"line":4,"column":2},"end":{"line":6,"column":4}}},"fnMap":{"0":{"name":"Image","decl":{"start":{"line":3,"column":9},"end":{"line":3,"column":14}},"loc":{"start":{"line":3,"column":26},"end":{"line":7,"column":1}},"line":3}},"branchMap":{},"s":{"0":67},"f":{"0":67},"b":{},"_coverageSchema":"1a1c01bbd47fc00a2c39e90264f33305004495a9","hash":"c131e29f7ed71ef517d007d8c7841c24a13d5c9b"}
,"/home/sanafm/Documents/Blinkist-app/src/Components/atoms/Input/index.stories.tsx": {"path":"/home/sanafm/Documents/Blinkist-app/src/Components/atoms/Input/index.stories.tsx","statementMap":{"0":{"start":{"line":6,"column":23},"end":{"line":9,"column":32}},"1":{"start":{"line":11,"column":14},"end":{"line":17,"column":2}},"2":{"start":{"line":20,"column":55},"end":{"line":22,"column":1}},"3":{"start":{"line":21,"column":4},"end":{"line":21,"column":24}},"4":{"start":{"line":24,"column":0},"end":{"line":27,"column":1}},"5":{"start":{"line":29,"column":0},"end":{"line":35,"column":4}},"6":{"start":{"line":31,"column":6},"end":{"line":33,"column":22}}},"fnMap":{"0":{"name":"(anonymous_0)","decl":{"start":{"line":20,"column":55},"end":{"line":20,"column":56}},"loc":{"start":{"line":21,"column":4},"end":{"line":21,"column":24}},"line":21},"1":{"name":"(anonymous_1)","decl":{"start":{"line":30,"column":4},"end":{"line":30,"column":5}},"loc":{"start":{"line":31,"column":6},"end":{"line":33,"column":22}},"line":31}},"branchMap":{},"s":{"0":0,"1":0,"2":0,"3":0,"4":0,"5":0,"6":0},"f":{"0":0,"1":0},"b":{}}
,"/home/sanafm/Documents/Blinkist-app/src/Components/atoms/Input/index.tsx": {"path":"/home/sanafm/Documents/Blinkist-app/src/Components/atoms/Input/index.tsx","statementMap":{"0":{"start":{"line":2,"column":23},"end":{"line":14,"column":1}},"1":{"start":{"line":3,"column":22},"end":{"line":3,"column":53}},"2":{"start":{"line":4,"column":4},"end":{"line":13,"column":5}}},"fnMap":{"0":{"name":"(anonymous_0)","decl":{"start":{"line":2,"column":23},"end":{"line":2,"column":24}},"loc":{"start":{"line":2,"column":61},"end":{"line":14,"column":1}},"line":2}},"branchMap":{},"s":{"0":5,"1":10,"2":10},"f":{"0":10},"b":{},"_coverageSchema":"1a1c01bbd47fc00a2c39e90264f33305004495a9","hash":"74af36ec9b9b2233d226456d0c4ed37affe96267"}
,"/home/sanafm/Documents/Blinkist-app/src/Components/atoms/ProgressBar/index.stories.tsx": {"path":"/home/sanafm/Documents/Blinkist-app/src/Components/atoms/ProgressBar/index.stories.tsx","statementMap":{"0":{"start":{"line":4,"column":29},"end":{"line":7,"column":38}},"1":{"start":{"line":10,"column":62},"end":{"line":12,"column":1}},"2":{"start":{"line":11,"column":4},"end":{"line":11,"column":30}},"3":{"start":{"line":14,"column":0},"end":{"line":18,"column":1}}},"fnMap":{"0":{"name":"(anonymous_0)","decl":{"start":{"line":10,"column":62},"end":{"line":10,"column":63}},"loc":{"start":{"line":11,"column":4},"end":{"line":11,"column":30}},"line":11}},"branchMap":{},"s":{"0":0,"1":0,"2":0,"3":0},"f":{"0":0},"b":{}}
,"/home/sanafm/Documents/Blinkist-app/src/Components/atoms/ProgressBar/index.tsx": {"path":"/home/sanafm/Documents/Blinkist-app/src/Components/atoms/ProgressBar/index.tsx","statementMap":{"0":{"start":{"line":4,"column":0},"end":{"line":8,"column":1}},"1":{"start":{"line":10,"column":14},"end":{"line":16,"column":2}},"2":{"start":{"line":18,"column":29},"end":{"line":24,"column":1}},"3":{"start":{"line":19,"column":4},"end":{"line":23,"column":5}}},"fnMap":{"0":{"name":"(anonymous_0)","decl":{"start":{"line":18,"column":29},"end":{"line":18,"column":30}},"loc":{"start":{"line":18,"column":56},"end":{"line":24,"column":1}},"line":18}},"branchMap":{},"s":{"0":6,"1":6,"2":6,"3":40},"f":{"0":40},"b":{},"_coverageSchema":"1a1c01bbd47fc00a2c39e90264f33305004495a9","hash":"07aa97726e68b77c0d37dd1567e71a71a506e639"}
,"/home/sanafm/Documents/Blinkist-app/src/Components/atoms/Typography/index.stories.tsx": {"path":"/home/sanafm/Documents/Blinkist-app/src/Components/atoms/Typography/index.stories.tsx","statementMap":{"0":{"start":{"line":3,"column":28},"end":{"line":6,"column":37}},"1":{"start":{"line":8,"column":62},"end":{"line":8,"column":95}},"2":{"start":{"line":8,"column":72},"end":{"line":8,"column":95}},"3":{"start":{"line":9,"column":0},"end":{"line":13,"column":1}}},"fnMap":{"0":{"name":"(anonymous_0)","decl":{"start":{"line":8,"column":62},"end":{"line":8,"column":63}},"loc":{"start":{"line":8,"column":72},"end":{"line":8,"column":95}},"line":8}},"branchMap":{},"s":{"0":0,"1":0,"2":0,"3":0},"f":{"0":0},"b":{}}
,"/home/sanafm/Documents/Blinkist-app/src/Components/atoms/Typography/index.tsx": {"path":"/home/sanafm/Documents/Blinkist-app/src/Components/atoms/Typography/index.tsx","statementMap":{"0":{"start":{"line":7,"column":29},"end":{"line":15,"column":1}},"1":{"start":{"line":8,"column":4},"end":{"line":14,"column":6}}},"fnMap":{"0":{"name":"(anonymous_0)","decl":{"start":{"line":7,"column":29},"end":{"line":7,"column":30}},"loc":{"start":{"line":7,"column":44},"end":{"line":15,"column":1}},"line":7}},"branchMap":{},"s":{"0":14,"1":428},"f":{"0":428},"b":{},"_coverageSchema":"1a1c01bbd47fc00a2c39e90264f33305004495a9","hash":"df0bb76136930019ecdcf72e9823dec417f9635f"}
,"/home/sanafm/Documents/Blinkist-app/src/Components/molecules/Banner1/index.tsx": {"path":"/home/sanafm/Documents/Blinkist-app/src/Components/molecules/Banner1/index.tsx","statementMap":{"0":{"start":{"line":5,"column":16},"end":{"line":23,"column":1}},"1":{"start":{"line":6,"column":4},"end":{"line":22,"column":5}}},"fnMap":{"0":{"name":"(anonymous_0)","decl":{"start":{"line":5,"column":16},"end":{"line":5,"column":17}},"loc":{"start":{"line":5,"column":22},"end":{"line":23,"column":1}},"line":5}},"branchMap":{},"s":{"0":4,"1":5},"f":{"0":5},"b":{},"_coverageSchema":"1a1c01bbd47fc00a2c39e90264f33305004495a9","hash":"ac71be51704558e2b69c24eac97201dd5fb57c4e"}
,"/home/sanafm/Documents/Blinkist-app/src/Components/molecules/Logo/index.stories.tsx": {"path":"/home/sanafm/Documents/Blinkist-app/src/Components/molecules/Logo/index.stories.tsx","statementMap":{"0":{"start":{"line":4,"column":22},"end":{"line":7,"column":31}},"1":{"start":{"line":9,"column":54},"end":{"line":9,"column":86}},"2":{"start":{"line":9,"column":68},"end":{"line":9,"column":86}},"3":{"start":{"line":11,"column":0},"end":{"line":15,"column":1}}},"fnMap":{"0":{"name":"(anonymous_0)","decl":{"start":{"line":9,"column":54},"end":{"line":9,"column":55}},"loc":{"start":{"line":9,"column":68},"end":{"line":9,"column":86}},"line":9}},"branchMap":{},"s":{"0":0,"1":0,"2":0,"3":0},"f":{"0":0},"b":{}}
,"/home/sanafm/Documents/Blinkist-app/src/Components/molecules/Logo/index.tsx": {"path":"/home/sanafm/Documents/Blinkist-app/src/Components/molecules/Logo/index.tsx","statementMap":{"0":{"start":{"line":4,"column":22},"end":{"line":19,"column":1}},"1":{"start":{"line":5,"column":4},"end":{"line":18,"column":6}}},"fnMap":{"0":{"name":"(anonymous_0)","decl":{"start":{"line":4,"column":22},"end":{"line":4,"column":23}},"loc":{"start":{"line":4,"column":64},"end":{"line":19,"column":1}},"line":4}},"branchMap":{"0":{"loc":{"start":{"line":4,"column":24},"end":{"line":4,"column":33}},"type":"default-arg","locations":[{"start":{"line":4,"column":31},"end":{"line":4,"column":33}}],"line":4}},"s":{"0":5,"1":3},"f":{"0":3},"b":{"0":[2]},"_coverageSchema":"1a1c01bbd47fc00a2c39e90264f33305004495a9","hash":"3fda02e6d4c39b381bc69e970b5ac61638c5d6b2"}
,"/home/sanafm/Documents/Blinkist-app/src/Components/molecules/NavIcon/index.tsx": {"path":"/home/sanafm/Documents/Blinkist-app/src/Components/molecules/NavIcon/index.tsx","statementMap":{"0":{"start":{"line":4,"column":25},"end":{"line":19,"column":1}},"1":{"start":{"line":5,"column":40},"end":{"line":5,"column":55}},"2":{"start":{"line":7,"column":31},"end":{"line":9,"column":5}},"3":{"start":{"line":8,"column":8},"end":{"line":8,"column":34}},"4":{"start":{"line":10,"column":4},"end":{"line":18,"column":5}}},"fnMap":{"0":{"name":"(anonymous_0)","decl":{"start":{"line":4,"column":25},"end":{"line":4,"column":26}},"loc":{"start":{"line":4,"column":39},"end":{"line":19,"column":1}},"line":4},"1":{"name":"(anonymous_1)","decl":{"start":{"line":7,"column":31},"end":{"line":7,"column":32}},"loc":{"start":{"line":7,"column":35},"end":{"line":9,"column":5}},"line":7}},"branchMap":{"0":{"loc":{"start":{"line":12,"column":17},"end":{"line":12,"column":53}},"type":"cond-expr","locations":[{"start":{"line":12,"column":34},"end":{"line":12,"column":48}},{"start":{"line":12,"column":51},"end":{"line":12,"column":53}}],"line":12},"1":{"loc":{"start":{"line":13,"column":132},"end":{"line":13,"column":163}},"type":"cond-expr","locations":[{"start":{"line":13,"column":144},"end":{"line":13,"column":151}},{"start":{"line":13,"column":154},"end":{"line":13,"column":163}}],"line":13},"2":{"loc":{"start":{"line":16,"column":17},"end":{"line":16,"column":55}},"type":"cond-expr","locations":[{"start":{"line":16,"column":35},"end":{"line":16,"column":50}},{"start":{"line":16,"column":53},"end":{"line":16,"column":55}}],"line":16}},"s":{"0":4,"1":137,"2":137,"3":2,"4":137},"f":{"0":137,"1":2},"b":{"0":[136,1],"1":[1,136],"2":[1,136]},"_coverageSchema":"1a1c01bbd47fc00a2c39e90264f33305004495a9","hash":"68ab6ebdbea90afa5c9cd944064b1bdc474ec7e2"}
,"/home/sanafm/Documents/Blinkist-app/src/Components/molecules/Search/index.tsx": {"path":"/home/sanafm/Documents/Blinkist-app/src/Components/molecules/Search/index.tsx","statementMap":{"0":{"start":{"line":7,"column":24},"end":{"line":65,"column":1}},"1":{"start":{"line":8,"column":44},"end":{"line":8,"column":63}},"2":{"start":{"line":9,"column":29},"end":{"line":28,"column":5}},"3":{"start":{"line":10,"column":24},"end":{"line":10,"column":42}},"4":{"start":{"line":11,"column":8},"end":{"line":11,"column":39}},"5":{"start":{"line":12,"column":8},"end":{"line":27,"column":9}},"6":{"start":{"line":14,"column":16},"end":{"line":18,"column":17}},"7":{"start":{"line":15,"column":20},"end":{"line":17,"column":21}},"8":{"start":{"line":16,"column":24},"end":{"line":16,"column":36}},"9":{"start":{"line":19,"column":16},"end":{"line":19,"column":29}},"10":{"start":{"line":21,"column":16},"end":{"line":25,"column":17}},"11":{"start":{"line":29,"column":4},"end":{"line":64,"column":6}},"12":{"start":{"line":46,"column":13},"end":{"line":59,"column":19}}},"fnMap":{"0":{"name":"(anonymous_0)","decl":{"start":{"line":7,"column":24},"end":{"line":7,"column":25}},"loc":{"start":{"line":7,"column":40},"end":{"line":65,"column":1}},"line":7},"1":{"name":"(anonymous_1)","decl":{"start":{"line":9,"column":29},"end":{"line":9,"column":30}},"loc":{"start":{"line":9,"column":50},"end":{"line":28,"column":5}},"line":9},"2":{"name":"(anonymous_2)","decl":{"start":{"line":13,"column":31},"end":{"line":13,"column":32}},"loc":{"start":{"line":13,"column":49},"end":{"line":20,"column":13}},"line":13},"3":{"name":"(anonymous_3)","decl":{"start":{"line":20,"column":19},"end":{"line":20,"column":20}},"loc":{"start":{"line":20,"column":38},"end":{"line":26,"column":13}},"line":20},"4":{"name":"(anonymous_4)","decl":{"start":{"line":45,"column":49},"end":{"line":45,"column":50}},"loc":{"start":{"line":46,"column":13},"end":{"line":59,"column":19}},"line":46}},"branchMap":{"0":{"loc":{"start":{"line":15,"column":20},"end":{"line":17,"column":21}},"type":"if","locations":[{"start":{"line":15,"column":20},"end":{"line":17,"column":21}},{"start":{},"end":{}}],"line":15},"1":{"loc":{"start":{"line":15,"column":23},"end":{"line":15,"column":156}},"type":"binary-expr","locations":[{"start":{"line":15,"column":23},"end":{"line":15,"column":43}},{"start":{"line":15,"column":47},"end":{"line":15,"column":92}},{"start":{"line":15,"column":96},"end":{"line":15,"column":156}}],"line":15},"2":{"loc":{"start":{"line":45,"column":7},"end":{"line":60,"column":8}},"type":"binary-expr","locations":[{"start":{"line":45,"column":7},"end":{"line":45,"column":28}},{"start":{"line":45,"column":32},"end":{"line":60,"column":8}}],"line":45}},"s":{"0":1,"1":4,"2":3,"3":1,"4":1,"5":1,"6":12,"7":94,"8":2,"9":10,"10":2,"11":3,"12":2},"f":{"0":4,"1":1,"2":12,"3":2,"4":2},"b":{"0":[2,92],"1":[94,94,82],"2":[3,1]},"_coverageSchema":"1a1c01bbd47fc00a2c39e90264f33305004495a9","hash":"bc8e16a839349c6606a8eef63566936829fd46ed"}
,"/home/sanafm/Documents/Blinkist-app/src/Components/molecules/tabs/index.stories.tsx": {"path":"/home/sanafm/Documents/Blinkist-app/src/Components/molecules/tabs/index.stories.tsx","statementMap":{"0":{"start":{"line":3,"column":22},"end":{"line":6,"column":31}},"1":{"start":{"line":8,"column":54},"end":{"line":8,"column":86}},"2":{"start":{"line":8,"column":68},"end":{"line":8,"column":86}},"3":{"start":{"line":11,"column":16},"end":{"line":24,"column":1}},"4":{"start":{"line":26,"column":0},"end":{"line":31,"column":1}}},"fnMap":{"0":{"name":"(anonymous_0)","decl":{"start":{"line":8,"column":54},"end":{"line":8,"column":55}},"loc":{"start":{"line":8,"column":68},"end":{"line":8,"column":86}},"line":8}},"branchMap":{},"s":{"0":0,"1":0,"2":0,"3":0,"4":0},"f":{"0":0},"b":{}}
,"/home/sanafm/Documents/Blinkist-app/src/Components/molecules/tabs/index.tsx": {"path":"/home/sanafm/Documents/Blinkist-app/src/Components/molecules/tabs/index.tsx","statementMap":{"0":{"start":{"line":9,"column":18},"end":{"line":16,"column":3}},"1":{"start":{"line":9,"column":42},"end":{"line":16,"column":1}},"2":{"start":{"line":19,"column":18},"end":{"line":19,"column":29}},"3":{"start":{"line":20,"column":28},"end":{"line":20,"column":71}},"4":{"start":{"line":21,"column":23},"end":{"line":24,"column":3}},"5":{"start":{"line":22,"column":4},"end":{"line":22,"column":23}},"6":{"start":{"line":23,"column":4},"end":{"line":23,"column":33}},"7":{"start":{"line":26,"column":2},"end":{"line":52,"column":4}},"8":{"start":{"line":39,"column":12},"end":{"line":46,"column":14}}},"fnMap":{"0":{"name":"(anonymous_0)","decl":{"start":{"line":9,"column":29},"end":{"line":9,"column":30}},"loc":{"start":{"line":9,"column":42},"end":{"line":16,"column":1}},"line":9},"1":{"name":"TabsWrappedLabel","decl":{"start":{"line":17,"column":24},"end":{"line":17,"column":40}},"loc":{"start":{"line":17,"column":67},"end":{"line":53,"column":1}},"line":17},"2":{"name":"(anonymous_2)","decl":{"start":{"line":21,"column":23},"end":{"line":21,"column":24}},"loc":{"start":{"line":21,"column":74},"end":{"line":24,"column":3}},"line":21},"3":{"name":"(anonymous_3)","decl":{"start":{"line":38,"column":22},"end":{"line":38,"column":23}},"loc":{"start":{"line":38,"column":39},"end":{"line":47,"column":11}},"line":38}},"branchMap":{"0":{"loc":{"start":{"line":20,"column":43},"end":{"line":20,"column":70}},"type":"binary-expr","locations":[{"start":{"line":20,"column":43},"end":{"line":20,"column":50}},{"start":{"line":20,"column":54},"end":{"line":20,"column":70}}],"line":20}},"s":{"0":5,"1":9,"2":13,"3":13,"4":13,"5":4,"6":4,"7":13,"8":31},"f":{"0":9,"1":13,"2":4,"3":31},"b":{"0":[13,13]},"_coverageSchema":"1a1c01bbd47fc00a2c39e90264f33305004495a9","hash":"308387b4d20a636d89b40c3f0a7d514bd28fb8c9"}
,"/home/sanafm/Documents/Blinkist-app/src/Components/organisms/Card/index.stories.tsx": {"path":"/home/sanafm/Documents/Blinkist-app/src/Components/organisms/Card/index.stories.tsx","statementMap":{"0":{"start":{"line":5,"column":22},"end":{"line":13,"column":31}},"1":{"start":{"line":15,"column":48},"end":{"line":15,"column":111}},"2":{"start":{"line":15,"column":62},"end":{"line":15,"column":111}},"3":{"start":{"line":18,"column":23},"end":{"line":18,"column":40}},"4":{"start":{"line":20,"column":0},"end":{"line":29,"column":1}},"5":{"start":{"line":32,"column":24},"end":{"line":32,"column":41}},"6":{"start":{"line":34,"column":0},"end":{"line":42,"column":1}}},"fnMap":{"0":{"name":"(anonymous_0)","decl":{"start":{"line":15,"column":48},"end":{"line":15,"column":49}},"loc":{"start":{"line":15,"column":62},"end":{"line":15,"column":111}},"line":15}},"branchMap":{},"s":{"0":0,"1":0,"2":0,"3":0,"4":0,"5":0,"6":0},"f":{"0":0},"b":{}}
,"/home/sanafm/Documents/Blinkist-app/src/Components/organisms/Card/index.tsx": {"path":"/home/sanafm/Documents/Blinkist-app/src/Components/organisms/Card/index.tsx","statementMap":{"0":{"start":{"line":17,"column":13},"end":{"line":57,"column":1}},"1":{"start":{"line":59,"column":22},"end":{"line":118,"column":1}},"2":{"start":{"line":60,"column":40},"end":{"line":60,"column":55}},"3":{"start":{"line":61,"column":54},"end":{"line":61,"column":73}},"4":{"start":{"line":62,"column":31},"end":{"line":64,"column":5}},"5":{"start":{"line":63,"column":8},"end":{"line":63,"column":34}},"6":{"start":{"line":65,"column":4},"end":{"line":117,"column":6}},"7":{"start":{"line":102,"column":24},"end":{"line":102,"column":68}}},"fnMap":{"0":{"name":"(anonymous_0)","decl":{"start":{"line":59,"column":22},"end":{"line":59,"column":23}},"loc":{"start":{"line":59,"column":150},"end":{"line":118,"column":1}},"line":59},"1":{"name":"(anonymous_1)","decl":{"start":{"line":62,"column":31},"end":{"line":62,"column":32}},"loc":{"start":{"line":62,"column":35},"end":{"line":64,"column":5}},"line":62},"2":{"name":"(anonymous_2)","decl":{"start":{"line":101,"column":34},"end":{"line":101,"column":35}},"loc":{"start":{"line":102,"column":24},"end":{"line":102,"column":68}},"line":102}},"branchMap":{"0":{"loc":{"start":{"line":59,"column":62},"end":{"line":59,"column":88}},"type":"default-arg","locations":[{"start":{"line":59,"column":73},"end":{"line":59,"column":88}}],"line":59},"1":{"loc":{"start":{"line":68,"column":36},"end":{"line":68,"column":100}},"type":"cond-expr","locations":[{"start":{"line":68,"column":63},"end":{"line":68,"column":90}},{"start":{"line":68,"column":93},"end":{"line":68,"column":100}}],"line":68},"2":{"loc":{"start":{"line":68,"column":36},"end":{"line":68,"column":60}},"type":"binary-expr","locations":[{"start":{"line":68,"column":36},"end":{"line":68,"column":46}},{"start":{"line":68,"column":50},"end":{"line":68,"column":60}}],"line":68},"3":{"loc":{"start":{"line":75,"column":40},"end":{"line":75,"column":104}},"type":"cond-expr","locations":[{"start":{"line":75,"column":67},"end":{"line":75,"column":94}},{"start":{"line":75,"column":97},"end":{"line":75,"column":104}}],"line":75},"4":{"loc":{"start":{"line":75,"column":40},"end":{"line":75,"column":64}},"type":"binary-expr","locations":[{"start":{"line":75,"column":40},"end":{"line":75,"column":50}},{"start":{"line":75,"column":54},"end":{"line":75,"column":64}}],"line":75},"5":{"loc":{"start":{"line":94,"column":17},"end":{"line":94,"column":130}},"type":"cond-expr","locations":[{"start":{"line":94,"column":37},"end":{"line":94,"column":125}},{"start":{"line":94,"column":128},"end":{"line":94,"column":130}}],"line":94},"6":{"loc":{"start":{"line":98,"column":17},"end":{"line":113,"column":26}},"type":"cond-expr","locations":[{"start":{"line":99,"column":20},"end":{"line":99,"column":87}},{"start":{"line":101,"column":20},"end":{"line":113,"column":26}}],"line":98},"7":{"loc":{"start":{"line":106,"column":34},"end":{"line":106,"column":67}},"type":"cond-expr","locations":[{"start":{"line":106,"column":48},"end":{"line":106,"column":57}},{"start":{"line":106,"column":60},"end":{"line":106,"column":67}}],"line":106},"8":{"loc":{"start":{"line":107,"column":44},"end":{"line":107,"column":76}},"type":"cond-expr","locations":[{"start":{"line":107,"column":57},"end":{"line":107,"column":66}},{"start":{"line":107,"column":69},"end":{"line":107,"column":76}}],"line":107}},"s":{"0":5,"1":5,"2":58,"3":58,"4":58,"5":2,"6":58,"7":2},"f":{"0":58,"1":2,"2":2},"b":{"0":[0],"1":[2,56],"2":[58,21],"3":[2,56],"4":[58,21],"5":[38,20],"6":[38,20],"7":[18,2],"8":[2,18]},"_coverageSchema":"1a1c01bbd47fc00a2c39e90264f33305004495a9","hash":"7028c21d5b4b7849a29f4711dde8bd67c4b4c4f8"}
,"/home/sanafm/Documents/Blinkist-app/src/Components/organisms/Explorer/index.stories.tsx": {"path":"/home/sanafm/Documents/Blinkist-app/src/Components/organisms/Explorer/index.stories.tsx","statementMap":{"0":{"start":{"line":11,"column":60},"end":{"line":11,"column":134}},"1":{"start":{"line":11,"column":73},"end":{"line":11,"column":134}},"2":{"start":{"line":12,"column":25},"end":{"line":12,"column":42}},"3":{"start":{"line":13,"column":2},"end":{"line":13,"column":20}}},"fnMap":{"0":{"name":"(anonymous_0)","decl":{"start":{"line":11,"column":60},"end":{"line":11,"column":61}},"loc":{"start":{"line":11,"column":73},"end":{"line":11,"column":134}},"line":11}},"branchMap":{},"s":{"0":0,"1":0,"2":0,"3":0},"f":{"0":0},"b":{}}
,"/home/sanafm/Documents/Blinkist-app/src/Components/organisms/Explorer/index.tsx": {"path":"/home/sanafm/Documents/Blinkist-app/src/Components/organisms/Explorer/index.tsx","statementMap":{"0":{"start":{"line":15,"column":18},"end":{"line":22,"column":3}},"1":{"start":{"line":15,"column":40},"end":{"line":22,"column":1}},"2":{"start":{"line":25,"column":17},"end":{"line":57,"column":2}},"3":{"start":{"line":59,"column":25},"end":{"line":194,"column":1}},"4":{"start":{"line":60,"column":20},"end":{"line":60,"column":30}},"5":{"start":{"line":61,"column":21},"end":{"line":61,"column":32}},"6":{"start":{"line":63,"column":16},"end":{"line":168,"column":5}},"7":{"start":{"line":170,"column":4},"end":{"line":193,"column":5}},"8":{"start":{"line":185,"column":24},"end":{"line":189,"column":34}}},"fnMap":{"0":{"name":"(anonymous_0)","decl":{"start":{"line":15,"column":29},"end":{"line":15,"column":30}},"loc":{"start":{"line":15,"column":40},"end":{"line":22,"column":1}},"line":15},"1":{"name":"(anonymous_1)","decl":{"start":{"line":59,"column":25},"end":{"line":59,"column":26}},"loc":{"start":{"line":59,"column":29},"end":{"line":194,"column":1}},"line":59},"2":{"name":"(anonymous_2)","decl":{"start":{"line":184,"column":30},"end":{"line":184,"column":31}},"loc":{"start":{"line":184,"column":42},"end":{"line":190,"column":21}},"line":184}},"branchMap":{},"s":{"0":3,"1":5,"2":3,"3":3,"4":6,"5":5,"6":5,"7":5,"8":130},"f":{"0":5,"1":6,"2":130},"b":{},"_coverageSchema":"1a1c01bbd47fc00a2c39e90264f33305004495a9","hash":"4fa763c10dd4fd9e11c342eb3e1d965822e999f1"}
,"/home/sanafm/Documents/Blinkist-app/src/Components/organisms/Footer/index.stories.tsx": {"path":"/home/sanafm/Documents/Blinkist-app/src/Components/organisms/Footer/index.stories.tsx","statementMap":{"0":{"start":{"line":10,"column":48},"end":{"line":10,"column":82}},"1":{"start":{"line":10,"column":62},"end":{"line":10,"column":82}},"2":{"start":{"line":11,"column":30},"end":{"line":11,"column":47}},"3":{"start":{"line":12,"column":0},"end":{"line":12,"column":25}}},"fnMap":{"0":{"name":"(anonymous_0)","decl":{"start":{"line":10,"column":48},"end":{"line":10,"column":49}},"loc":{"start":{"line":10,"column":62},"end":{"line":10,"column":82}},"line":10}},"branchMap":{},"s":{"0":0,"1":0,"2":0,"3":0},"f":{"0":0},"b":{}}
,"/home/sanafm/Documents/Blinkist-app/src/Components/organisms/Footer/index.tsx": {"path":"/home/sanafm/Documents/Blinkist-app/src/Components/organisms/Footer/index.tsx","statementMap":{"0":{"start":{"line":5,"column":24},"end":{"line":76,"column":1}},"1":{"start":{"line":6,"column":17},"end":{"line":34,"column":5}},"2":{"start":{"line":35,"column":4},"end":{"line":75,"column":5}},"3":{"start":{"line":56,"column":24},"end":{"line":69,"column":31}},"4":{"start":{"line":64,"column":36},"end":{"line":66,"column":49}}},"fnMap":{"0":{"name":"(anonymous_0)","decl":{"start":{"line":5,"column":24},"end":{"line":5,"column":25}},"loc":{"start":{"line":5,"column":37},"end":{"line":76,"column":1}},"line":5},"1":{"name":"(anonymous_1)","decl":{"start":{"line":55,"column":29},"end":{"line":55,"column":30}},"loc":{"start":{"line":55,"column":37},"end":{"line":70,"column":21}},"line":55},"2":{"name":"(anonymous_2)","decl":{"start":{"line":63,"column":48},"end":{"line":63,"column":49}},"loc":{"start":{"line":63,"column":61},"end":{"line":67,"column":33}},"line":63}},"branchMap":{},"s":{"0":3,"1":2,"2":2,"3":6,"4":24},"f":{"0":2,"1":6,"2":24},"b":{},"_coverageSchema":"1a1c01bbd47fc00a2c39e90264f33305004495a9","hash":"8ae460c83f41bf7c7c31fc70b7ad80bd596f23cc"}
,"/home/sanafm/Documents/Blinkist-app/src/Components/organisms/Header/index.stories.tsx": {"path":"/home/sanafm/Documents/Blinkist-app/src/Components/organisms/Header/index.stories.tsx","statementMap":{"0":{"start":{"line":5,"column":24},"end":{"line":8,"column":33}},"1":{"start":{"line":10,"column":56},"end":{"line":15,"column":1}},"2":{"start":{"line":11,"column":4},"end":{"line":14,"column":5}},"3":{"start":{"line":16,"column":0},"end":{"line":19,"column":1}}},"fnMap":{"0":{"name":"(anonymous_0)","decl":{"start":{"line":10,"column":56},"end":{"line":10,"column":57}},"loc":{"start":{"line":10,"column":70},"end":{"line":15,"column":1}},"line":10}},"branchMap":{},"s":{"0":0,"1":0,"2":0,"3":0},"f":{"0":0},"b":{}}
,"/home/sanafm/Documents/Blinkist-app/src/Components/organisms/Header/index.tsx": {"path":"/home/sanafm/Documents/Blinkist-app/src/Components/organisms/Header/index.tsx","statementMap":{"0":{"start":{"line":17,"column":24},"end":{"line":96,"column":1}},"1":{"start":{"line":18,"column":55},"end":{"line":18,"column":65}},"2":{"start":{"line":23,"column":42},"end":{"line":23,"column":56}},"3":{"start":{"line":24,"column":44},"end":{"line":24,"column":58}},"4":{"start":{"line":26,"column":31},"end":{"line":28,"column":5}},"5":{"start":{"line":27,"column":8},"end":{"line":27,"column":45}},"6":{"start":{"line":29,"column":31},"end":{"line":31,"column":5}},"7":{"start":{"line":30,"column":8},"end":{"line":30,"column":29}},"8":{"start":{"line":32,"column":32},"end":{"line":34,"column":5}},"9":{"start":{"line":33,"column":8},"end":{"line":33,"column":30}},"10":{"start":{"line":37,"column":4},"end":{"line":95,"column":6}},"11":{"start":{"line":83,"column":69},"end":{"line":83,"column":97}},"12":{"start":{"line":87,"column":68},"end":{"line":87,"column":112}}},"fnMap":{"0":{"name":"(anonymous_0)","decl":{"start":{"line":17,"column":24},"end":{"line":17,"column":25}},"loc":{"start":{"line":17,"column":41},"end":{"line":96,"column":1}},"line":17},"1":{"name":"(anonymous_1)","decl":{"start":{"line":26,"column":31},"end":{"line":26,"column":32}},"loc":{"start":{"line":26,"column":47},"end":{"line":28,"column":5}},"line":26},"2":{"name":"(anonymous_2)","decl":{"start":{"line":29,"column":31},"end":{"line":29,"column":32}},"loc":{"start":{"line":29,"column":37},"end":{"line":31,"column":5}},"line":29},"3":{"name":"(anonymous_3)","decl":{"start":{"line":32,"column":32},"end":{"line":32,"column":33}},"loc":{"start":{"line":32,"column":38},"end":{"line":34,"column":5}},"line":32},"4":{"name":"(anonymous_4)","decl":{"start":{"line":83,"column":62},"end":{"line":83,"column":63}},"loc":{"start":{"line":83,"column":68},"end":{"line":83,"column":98}},"line":83},"5":{"name":"(anonymous_5)","decl":{"start":{"line":87,"column":62},"end":{"line":87,"column":63}},"loc":{"start":{"line":87,"column":68},"end":{"line":87,"column":112}},"line":87}},"branchMap":{"0":{"loc":{"start":{"line":48,"column":266},"end":{"line":48,"column":340}},"type":"cond-expr","locations":[{"start":{"line":48,"column":289},"end":{"line":48,"column":312}},{"start":{"line":48,"column":315},"end":{"line":48,"column":340}}],"line":48},"1":{"loc":{"start":{"line":59,"column":24},"end":{"line":59,"column":80}},"type":"cond-expr","locations":[{"start":{"line":59,"column":42},"end":{"line":59,"column":55}},{"start":{"line":59,"column":56},"end":{"line":59,"column":80}}],"line":59},"2":{"loc":{"start":{"line":80,"column":27},"end":{"line":88,"column":35}},"type":"cond-expr","locations":[{"start":{"line":82,"column":25},"end":{"line":84,"column":35}},{"start":{"line":86,"column":24},"end":{"line":88,"column":35}}],"line":80}},"s":{"0":3,"1":1,"2":1,"3":1,"4":1,"5":0,"6":1,"7":0,"8":1,"9":0,"10":1,"11":0,"12":0},"f":{"0":1,"1":0,"2":0,"3":0,"4":0,"5":0},"b":{"0":[0,1],"1":[1,0],"2":[1,0]},"_coverageSchema":"1a1c01bbd47fc00a2c39e90264f33305004495a9","hash":"409a2b70996eb4e84363172e2bd5e824cbae0383"}
,"/home/sanafm/Documents/Blinkist-app/src/Components/pages/BookInfoPage/index.tsx": {"path":"/home/sanafm/Documents/Blinkist-app/src/Components/pages/BookInfoPage/index.tsx","statementMap":{"0":{"start":{"line":16,"column":17},"end":{"line":73,"column":2}},"1":{"start":{"line":76,"column":26},"end":{"line":213,"column":1}},"2":{"start":{"line":77,"column":20},"end":{"line":77,"column":30}},"3":{"start":{"line":78,"column":23},"end":{"line":78,"column":34}},"4":{"start":{"line":79,"column":20},"end":{"line":92,"column":5}},"5":{"start":{"line":93,"column":38},"end":{"line":93,"column":64}},"6":{"start":{"line":94,"column":36},"end":{"line":94,"column":55}},"7":{"start":{"line":95,"column":64},"end":{"line":95,"column":87}},"8":{"start":{"line":96,"column":24},"end":{"line":98,"column":5}},"9":{"start":{"line":97,"column":8},"end":{"line":97,"column":28}},"10":{"start":{"line":99,"column":27},"end":{"line":108,"column":5}},"11":{"start":{"line":100,"column":8},"end":{"line":106,"column":9}},"12":{"start":{"line":101,"column":12},"end":{"line":101,"column":39}},"13":{"start":{"line":102,"column":12},"end":{"line":105,"column":13}},"14":{"start":{"line":103,"column":16},"end":{"line":103,"column":47}},"15":{"start":{"line":104,"column":16},"end":{"line":104,"column":23}},"16":{"start":{"line":107,"column":8},"end":{"line":107,"column":41}},"17":{"start":{"line":109,"column":4},"end":{"line":118,"column":11}},"18":{"start":{"line":110,"column":26},"end":{"line":114,"column":9}},"19":{"start":{"line":111,"column":27},"end":{"line":111,"column":80}},"20":{"start":{"line":112,"column":30},"end":{"line":112,"column":51}},"21":{"start":{"line":113,"column":12},"end":{"line":113,"column":35}},"22":{"start":{"line":115,"column":8},"end":{"line":115,"column":25}},"23":{"start":{"line":116,"column":8},"end":{"line":116,"column":26}},"24":{"start":{"line":119,"column":33},"end":{"line":135,"column":9}},"25":{"start":{"line":121,"column":24},"end":{"line":121,"column":91}},"26":{"start":{"line":121,"column":73},"end":{"line":121,"column":90}},"27":{"start":{"line":122,"column":27},"end":{"line":122,"column":58}},"28":{"start":{"line":123,"column":12},"end":{"line":123,"column":54}},"29":{"start":{"line":124,"column":12},"end":{"line":124,"column":60}},"30":{"start":{"line":125,"column":12},"end":{"line":125,"column":32}},"31":{"start":{"line":126,"column":22},"end":{"line":132,"column":14}},"32":{"start":{"line":133,"column":12},"end":{"line":133,"column":29}},"33":{"start":{"line":134,"column":12},"end":{"line":134,"column":36}},"34":{"start":{"line":137,"column":21},"end":{"line":157,"column":5}},"35":{"start":{"line":138,"column":8},"end":{"line":156,"column":9}},"36":{"start":{"line":139,"column":12},"end":{"line":143,"column":13}},"37":{"start":{"line":144,"column":14},"end":{"line":156,"column":9}},"38":{"start":{"line":145,"column":12},"end":{"line":149,"column":13}},"39":{"start":{"line":150,"column":14},"end":{"line":156,"column":9}},"40":{"start":{"line":151,"column":12},"end":{"line":155,"column":13}},"41":{"start":{"line":158,"column":4},"end":{"line":212,"column":6}}},"fnMap":{"0":{"name":"(anonymous_0)","decl":{"start":{"line":76,"column":26},"end":{"line":76,"column":27}},"loc":{"start":{"line":76,"column":55},"end":{"line":213,"column":1}},"line":76},"1":{"name":"(anonymous_1)","decl":{"start":{"line":96,"column":24},"end":{"line":96,"column":25}},"loc":{"start":{"line":96,"column":39},"end":{"line":98,"column":5}},"line":96},"2":{"name":"(anonymous_2)","decl":{"start":{"line":99,"column":27},"end":{"line":99,"column":28}},"loc":{"start":{"line":99,"column":31},"end":{"line":108,"column":5}},"line":99},"3":{"name":"(anonymous_3)","decl":{"start":{"line":109,"column":14},"end":{"line":109,"column":15}},"loc":{"start":{"line":109,"column":19},"end":{"line":118,"column":5}},"line":109},"4":{"name":"(anonymous_4)","decl":{"start":{"line":110,"column":26},"end":{"line":110,"column":27}},"loc":{"start":{"line":110,"column":50},"end":{"line":114,"column":9}},"line":110},"5":{"name":"(anonymous_5)","decl":{"start":{"line":119,"column":33},"end":{"line":119,"column":34}},"loc":{"start":{"line":119,"column":54},"end":{"line":135,"column":9}},"line":119},"6":{"name":"(anonymous_6)","decl":{"start":{"line":121,"column":59},"end":{"line":121,"column":60}},"loc":{"start":{"line":121,"column":73},"end":{"line":121,"column":90}},"line":121},"7":{"name":"(anonymous_7)","decl":{"start":{"line":137,"column":21},"end":{"line":137,"column":22}},"loc":{"start":{"line":137,"column":25},"end":{"line":157,"column":5}},"line":137}},"branchMap":{"0":{"loc":{"start":{"line":102,"column":12},"end":{"line":105,"column":13}},"type":"if","locations":[{"start":{"line":102,"column":12},"end":{"line":105,"column":13}},{"start":{},"end":{}}],"line":102},"1":{"loc":{"start":{"line":138,"column":8},"end":{"line":156,"column":9}},"type":"if","locations":[{"start":{"line":138,"column":8},"end":{"line":156,"column":9}},{"start":{"line":144,"column":14},"end":{"line":156,"column":9}}],"line":138},"2":{"loc":{"start":{"line":144,"column":14},"end":{"line":156,"column":9}},"type":"if","locations":[{"start":{"line":144,"column":14},"end":{"line":156,"column":9}},{"start":{"line":150,"column":14},"end":{"line":156,"column":9}}],"line":144},"3":{"loc":{"start":{"line":150,"column":14},"end":{"line":156,"column":9}},"type":"if","locations":[{"start":{"line":150,"column":14},"end":{"line":156,"column":9}},{"start":{},"end":{}}],"line":150},"4":{"loc":{"start":{"line":159,"column":8},"end":{"line":210,"column":20}},"type":"cond-expr","locations":[{"start":{"line":161,"column":8},"end":{"line":161,"column":60}},{"start":{"line":163,"column":8},"end":{"line":210,"column":20}}],"line":159},"5":{"loc":{"start":{"line":191,"column":25},"end":{"line":195,"column":30}},"type":"cond-expr","locations":[{"start":{"line":193,"column":28},"end":{"line":193,"column":205}},{"start":{"line":195,"column":28},"end":{"line":195,"column":30}}],"line":191}},"s":{"0":3,"1":3,"2":13,"3":13,"4":13,"5":13,"6":13,"7":13,"8":13,"9":2,"10":13,"11":4,"12":8,"13":8,"14":0,"15":0,"16":4,"17":13,"18":4,"19":4,"20":4,"21":4,"22":4,"23":4,"24":13,"25":0,"26":0,"27":0,"28":0,"29":0,"30":0,"31":0,"32":0,"33":0,"34":13,"35":5,"36":3,"37":2,"38":1,"39":1,"40":1,"41":13},"f":{"0":13,"1":2,"2":4,"3":4,"4":4,"5":0,"6":0,"7":5},"b":{"0":[0,8],"1":[3,2],"2":[1,1],"3":[1,0],"4":[8,5],"5":[0,5]},"_coverageSchema":"1a1c01bbd47fc00a2c39e90264f33305004495a9","hash":"c7afaab8c1647765d025b2d6fa60060d1cf81531"}
,"/home/sanafm/Documents/Blinkist-app/src/Components/pages/EntrepreneurPage/index.tsx": {"path":"/home/sanafm/Documents/Blinkist-app/src/Components/pages/EntrepreneurPage/index.tsx","statementMap":{"0":{"start":{"line":11,"column":18},"end":{"line":33,"column":2}},"1":{"start":{"line":36,"column":25},"end":{"line":110,"column":1}},"2":{"start":{"line":37,"column":20},"end":{"line":37,"column":31}},"3":{"start":{"line":38,"column":27},"end":{"line":49,"column":5}},"4":{"start":{"line":39,"column":22},"end":{"line":46,"column":9}},"5":{"start":{"line":40,"column":12},"end":{"line":44,"column":13}},"6":{"start":{"line":41,"column":16},"end":{"line":43,"column":17}},"7":{"start":{"line":42,"column":20},"end":{"line":42,"column":72}},"8":{"start":{"line":45,"column":12},"end":{"line":45,"column":35}},"9":{"start":{"line":47,"column":25},"end":{"line":47,"column":58}},"10":{"start":{"line":48,"column":8},"end":{"line":48,"column":78}},"11":{"start":{"line":51,"column":27},"end":{"line":68,"column":5}},"12":{"start":{"line":53,"column":12},"end":{"line":56,"column":15}},"13":{"start":{"line":57,"column":12},"end":{"line":57,"column":32}},"14":{"start":{"line":58,"column":12},"end":{"line":58,"column":32}},"15":{"start":{"line":59,"column":22},"end":{"line":65,"column":14}},"16":{"start":{"line":66,"column":12},"end":{"line":66,"column":36}},"17":{"start":{"line":69,"column":4},"end":{"line":109,"column":6}},"18":{"start":{"line":77,"column":20},"end":{"line":104,"column":26}},"19":{"start":{"line":86,"column":40},"end":{"line":86,"column":70}},"20":{"start":{"line":87,"column":58},"end":{"line":87,"column":85}},"21":{"start":{"line":88,"column":40},"end":{"line":100,"column":42}}},"fnMap":{"0":{"name":"(anonymous_0)","decl":{"start":{"line":36,"column":25},"end":{"line":36,"column":26}},"loc":{"start":{"line":36,"column":96},"end":{"line":110,"column":1}},"line":36},"1":{"name":"(anonymous_1)","decl":{"start":{"line":38,"column":27},"end":{"line":38,"column":28}},"loc":{"start":{"line":38,"column":41},"end":{"line":49,"column":5}},"line":38},"2":{"name":"(anonymous_2)","decl":{"start":{"line":39,"column":22},"end":{"line":39,"column":23}},"loc":{"start":{"line":39,"column":36},"end":{"line":46,"column":9}},"line":39},"3":{"name":"(anonymous_3)","decl":{"start":{"line":51,"column":27},"end":{"line":51,"column":28}},"loc":{"start":{"line":51,"column":68},"end":{"line":68,"column":5}},"line":51},"4":{"name":"(anonymous_4)","decl":{"start":{"line":76,"column":25},"end":{"line":76,"column":26}},"loc":{"start":{"line":76,"column":37},"end":{"line":105,"column":17}},"line":76},"5":{"name":"(anonymous_5)","decl":{"start":{"line":85,"column":51},"end":{"line":85,"column":52}},"loc":{"start":{"line":85,"column":69},"end":{"line":101,"column":37}},"line":85}},"branchMap":{"0":{"loc":{"start":{"line":41,"column":16},"end":{"line":43,"column":17}},"type":"if","locations":[{"start":{"line":41,"column":16},"end":{"line":43,"column":17}},{"start":{},"end":{}}],"line":41},"1":{"loc":{"start":{"line":48,"column":15},"end":{"line":48,"column":77}},"type":"cond-expr","locations":[{"start":{"line":48,"column":35},"end":{"line":48,"column":45}},{"start":{"line":48,"column":48},"end":{"line":48,"column":77}}],"line":48},"2":{"loc":{"start":{"line":83,"column":32},"end":{"line":101,"column":38}},"type":"cond-expr","locations":[{"start":{"line":84,"column":33},"end":{"line":84,"column":85}},{"start":{"line":85,"column":36},"end":{"line":101,"column":38}}],"line":83}},"s":{"0":3,"1":3,"2":4,"3":4,"4":36,"5":66,"6":204,"7":24,"8":42,"9":36,"10":36,"11":4,"12":1,"13":1,"14":1,"15":1,"16":0,"17":4,"18":12,"19":36,"20":36,"21":36},"f":{"0":4,"1":36,"2":66,"3":1,"4":12,"5":36},"b":{"0":[24,180],"1":[6,30],"2":[3,9]},"_coverageSchema":"1a1c01bbd47fc00a2c39e90264f33305004495a9","hash":"357d92ebe1ca84b7ed57030f992441fdeabf2504"}
,"/home/sanafm/Documents/Blinkist-app/src/Components/pages/MyLibrary/index.tsx": {"path":"/home/sanafm/Documents/Blinkist-app/src/Components/pages/MyLibrary/index.tsx","statementMap":{"0":{"start":{"line":13,"column":17},"end":{"line":20,"column":2}},"1":{"start":{"line":22,"column":18},"end":{"line":102,"column":1}},"2":{"start":{"line":23,"column":20},"end":{"line":23,"column":30}},"3":{"start":{"line":24,"column":15},"end":{"line":24,"column":22}},"4":{"start":{"line":26,"column":20},"end":{"line":35,"column":5}},"5":{"start":{"line":36,"column":38},"end":{"line":36,"column":64}},"6":{"start":{"line":37,"column":24},"end":{"line":39,"column":5}},"7":{"start":{"line":38,"column":8},"end":{"line":38,"column":28}},"8":{"start":{"line":41,"column":18},"end":{"line":84,"column":5}},"9":{"start":{"line":43,"column":8},"end":{"line":83,"column":9}},"10":{"start":{"line":45,"column":12},"end":{"line":45,"column":71}},"11":{"start":{"line":48,"column":12},"end":{"line":82,"column":13}},"12":{"start":{"line":49,"column":16},"end":{"line":64,"column":18}},"13":{"start":{"line":50,"column":35},"end":{"line":50,"column":66}},"14":{"start":{"line":51,"column":20},"end":{"line":63,"column":22}},"15":{"start":{"line":65,"column":18},"end":{"line":82,"column":13}},"16":{"start":{"line":66,"column":16},"end":{"line":81,"column":19}},"17":{"start":{"line":67,"column":35},"end":{"line":67,"column":66}},"18":{"start":{"line":68,"column":20},"end":{"line":80,"column":22}},"19":{"start":{"line":89,"column":4},"end":{"line":101,"column":6}}},"fnMap":{"0":{"name":"(anonymous_0)","decl":{"start":{"line":22,"column":18},"end":{"line":22,"column":19}},"loc":{"start":{"line":22,"column":65},"end":{"line":102,"column":1}},"line":22},"1":{"name":"(anonymous_1)","decl":{"start":{"line":37,"column":24},"end":{"line":37,"column":25}},"loc":{"start":{"line":37,"column":42},"end":{"line":39,"column":5}},"line":37},"2":{"name":"(anonymous_2)","decl":{"start":{"line":41,"column":18},"end":{"line":41,"column":19}},"loc":{"start":{"line":41,"column":24},"end":{"line":84,"column":5}},"line":41},"3":{"name":"(anonymous_3)","decl":{"start":{"line":49,"column":49},"end":{"line":49,"column":50}},"loc":{"start":{"line":49,"column":63},"end":{"line":64,"column":17}},"line":49},"4":{"name":"(anonymous_4)","decl":{"start":{"line":66,"column":45},"end":{"line":66,"column":46}},"loc":{"start":{"line":66,"column":59},"end":{"line":81,"column":17}},"line":66}},"branchMap":{"0":{"loc":{"start":{"line":43,"column":8},"end":{"line":83,"column":9}},"type":"if","locations":[{"start":{"line":43,"column":8},"end":{"line":83,"column":9}},{"start":{"line":47,"column":13},"end":{"line":83,"column":9}}],"line":43},"1":{"loc":{"start":{"line":48,"column":12},"end":{"line":82,"column":13}},"type":"if","locations":[{"start":{"line":48,"column":12},"end":{"line":82,"column":13}},{"start":{"line":65,"column":18},"end":{"line":82,"column":13}}],"line":48},"2":{"loc":{"start":{"line":51,"column":27},"end":{"line":63,"column":22}},"type":"binary-expr","locations":[{"start":{"line":51,"column":27},"end":{"line":51,"column":35}},{"start":{"line":51,"column":39},"end":{"line":63,"column":22}}],"line":51},"3":{"loc":{"start":{"line":65,"column":18},"end":{"line":82,"column":13}},"type":"if","locations":[{"start":{"line":65,"column":18},"end":{"line":82,"column":13}},{"start":{},"end":{}}],"line":65}},"s":{"0":3,"1":3,"2":5,"3":5,"4":5,"5":5,"6":5,"7":1,"8":5,"9":5,"10":1,"11":4,"12":3,"13":6,"14":6,"15":1,"16":1,"17":6,"18":6,"19":5},"f":{"0":5,"1":1,"2":5,"3":6,"4":6},"b":{"0":[1,4],"1":[3,1],"2":[6,6],"3":[1,0]},"_coverageSchema":"1a1c01bbd47fc00a2c39e90264f33305004495a9","hash":"1e5d5668cd1b084d588f64009bbc46d2e0f0f9ff"}
,"/home/sanafm/Documents/Blinkist-app/src/Themes/main.tsx": {"path":"/home/sanafm/Documents/Blinkist-app/src/Themes/main.tsx","statementMap":{"0":{"start":{"line":58,"column":16},"end":{"line":145,"column":2}}},"fnMap":{},"branchMap":{},"s":{"0":8},"f":{},"b":{},"_coverageSchema":"1a1c01bbd47fc00a2c39e90264f33305004495a9","hash":"160b60a9ad003f00fe90e95fcc46e10d4f45d792"}
,"/home/sanafm/Documents/Blinkist-app/src/Themes/tabsTheme.tsx": {"path":"/home/sanafm/Documents/Blinkist-app/src/Themes/tabsTheme.tsx","statementMap":{"0":{"start":{"line":2,"column":18},"end":{"line":26,"column":2}}},"fnMap":{},"branchMap":{},"s":{"0":1},"f":{},"b":{},"_coverageSchema":"1a1c01bbd47fc00a2c39e90264f33305004495a9","hash":"093c3d03fe83a3b8c3ee7ec152aa9cf1a51052f0"}
,"/home/sanafm/Documents/Blinkist-app/src/Themes/theme.tsx": {"path":"/home/sanafm/Documents/Blinkist-app/src/Themes/theme.tsx","statementMap":{"0":{"start":{"line":5,"column":21},"end":{"line":29,"column":2}}},"fnMap":{},"branchMap":{},"s":{"0":15},"f":{},"b":{},"_coverageSchema":"1a1c01bbd47fc00a2c39e90264f33305004495a9","hash":"e72716b9e7184ec7cc4a7f631df1f26d9af9db82"}
}
