TN:
SF:src/App.tsx
FN:13,App
FNF:1
FNH:1
FNDA:1,App
DA:14,1
LF:1
LH:1
BRF:0
BRH:0
end_of_record
TN:
SF:src/index.tsx
FNF:0
FNH:0
DA:15,0
DA:35,0
LF:2
LH:0
BRF:0
BRH:0
end_of_record
TN:
SF:src/reportWebVitals.ts
FN:3,(anonymous_0)
FN:5,(anonymous_1)
FNF:2
FNH:0
FNDA:0,(anonymous_0)
FNDA:0,(anonymous_1)
DA:3,0
DA:4,0
DA:5,0
DA:6,0
DA:7,0
DA:8,0
DA:9,0
DA:10,0
LF:8
LH:0
BRDA:4,0,0,0
BRDA:4,0,1,0
BRDA:4,1,0,0
BRDA:4,1,1,0
BRF:4
BRH:0
end_of_record
TN:
SF:src/Components/Template/TemplateComponent.tsx
FN:13,(anonymous_0)
FN:16,(anonymous_1)
FN:23,(anonymous_2)
FN:24,(anonymous_3)
FNF:4
FNH:3
FNDA:2,(anonymous_0)
FNDA:0,(anonymous_1)
FNDA:1,(anonymous_2)
FNDA:1,(anonymous_3)
DA:13,2
DA:14,2
DA:15,2
DA:16,2
DA:17,0
DA:18,0
DA:20,2
DA:21,2
DA:22,2
DA:23,2
DA:24,1
DA:25,1
DA:26,0
DA:27,0
DA:28,0
DA:29,0
DA:30,0
DA:31,0
DA:32,0
DA:33,0
DA:35,1
DA:38,2
LF:22
LH:12
BRDA:39,0,0,2
BRDA:39,0,1,0
BRDA:39,1,0,2
BRDA:39,1,1,0
BRDA:39,1,2,0
BRDA:72,2,0,0
BRDA:72,2,1,0
BRDA:76,3,0,0
BRDA:76,3,1,0
BRF:9
BRH:2
end_of_record
TN:
SF:src/Components/atoms/Avatar/index.stories.tsx
FN:8,(anonymous_0)
FNF:1
FNH:0
FNDA:0,(anonymous_0)
DA:8,0
DA:9,0
DA:12,0
DA:13,0
LF:4
LH:0
BRF:0
BRH:0
end_of_record
TN:
SF:src/Components/atoms/Avatar/index.tsx
FN:5,AvatarComp
FNF:1
FNH:1
FNDA:2,AvatarComp
DA:6,2
LF:1
LH:1
BRF:0
BRH:0
end_of_record
TN:
SF:src/Components/atoms/Blank/index.tsx
FN:3,(anonymous_0)
FNF:1
FNH:1
FNDA:1,(anonymous_0)
DA:3,3
DA:4,1
LF:2
LH:2
BRF:0
BRH:0
end_of_record
TN:
SF:src/Components/atoms/Button/index.stories.tsx
FN:14,(anonymous_0)
FNF:1
FNH:0
FNDA:0,(anonymous_0)
DA:14,0
DA:15,0
DA:18,0
DA:19,0
DA:25,0
DA:26,0
LF:6
LH:0
BRF:0
BRH:0
end_of_record
TN:
SF:src/Components/atoms/Button/index.tsx
FN:7,(anonymous_0)
FNF:1
FNH:1
FNDA:16,(anonymous_0)
DA:7,5
DA:8,16
LF:2
LH:2
BRF:0
BRH:0
end_of_record
TN:
SF:src/Components/atoms/Icons/index.stories.tsx
FN:14,(anonymous_0)
FN:15,(anonymous_1)
FN:16,(anonymous_2)
FN:17,(anonymous_3)
FN:18,(anonymous_4)
FNF:5
FNH:0
FNDA:0,(anonymous_0)
FNDA:0,(anonymous_1)
FNDA:0,(anonymous_2)
FNDA:0,(anonymous_3)
FNDA:0,(anonymous_4)
DA:9,0
DA:14,0
DA:15,0
DA:16,0
DA:17,0
DA:18,0
LF:6
LH:0
BRF:0
BRH:0
end_of_record
TN:
SF:src/Components/atoms/Icons/index.tsx
FN:3,(anonymous_0)
FNF:1
FNH:1
FNDA:123,(anonymous_0)
DA:3,8
DA:4,123
LF:2
LH:2
BRF:0
BRH:0
end_of_record
TN:
SF:src/Components/atoms/Images/index.stories.tsx
FN:9,(anonymous_0)
FNF:1
FNH:0
FNDA:0,(anonymous_0)
DA:4,0
DA:9,0
DA:11,0
LF:3
LH:0
BRF:0
BRH:0
end_of_record
TN:
SF:src/Components/atoms/Images/index.tsx
FN:3,Image
FNF:1
FNH:1
FNDA:67,Image
DA:4,67
LF:1
LH:1
BRF:0
BRH:0
end_of_record
TN:
SF:src/Components/atoms/Input/index.stories.tsx
FN:20,(anonymous_0)
FN:30,(anonymous_1)
FNF:2
FNH:0
FNDA:0,(anonymous_0)
FNDA:0,(anonymous_1)
DA:6,0
DA:11,0
DA:20,0
DA:21,0
DA:24,0
DA:29,0
DA:31,0
LF:7
LH:0
BRF:0
BRH:0
end_of_record
TN:
SF:src/Components/atoms/Input/index.tsx
FN:2,(anonymous_0)
FNF:1
FNH:1
FNDA:10,(anonymous_0)
DA:2,5
DA:3,10
DA:4,10
LF:3
LH:3
BRF:0
BRH:0
end_of_record
TN:
SF:src/Components/atoms/ProgressBar/index.stories.tsx
FN:10,(anonymous_0)
FNF:1
FNH:0
FNDA:0,(anonymous_0)
DA:4,0
DA:10,0
DA:11,0
DA:14,0
LF:4
LH:0
BRF:0
BRH:0
end_of_record
TN:
SF:src/Components/atoms/ProgressBar/index.tsx
FN:18,(anonymous_0)
FNF:1
FNH:1
FNDA:40,(anonymous_0)
DA:4,6
DA:10,6
DA:18,6
DA:19,40
LF:4
LH:4
BRF:0
BRH:0
end_of_record
TN:
SF:src/Components/atoms/Typography/index.stories.tsx
FN:8,(anonymous_0)
FNF:1
FNH:0
FNDA:0,(anonymous_0)
DA:3,0
DA:8,0
DA:9,0
LF:3
LH:0
BRF:0
BRH:0
end_of_record
TN:
SF:src/Components/atoms/Typography/index.tsx
FN:7,(anonymous_0)
FNF:1
FNH:1
FNDA:428,(anonymous_0)
DA:7,14
DA:8,428
LF:2
LH:2
BRF:0
BRH:0
end_of_record
TN:
SF:src/Components/molecules/Banner1/index.tsx
FN:5,(anonymous_0)
FNF:1
FNH:1
FNDA:5,(anonymous_0)
DA:5,4
DA:6,5
LF:2
LH:2
BRF:0
BRH:0
end_of_record
TN:
SF:src/Components/molecules/Logo/index.stories.tsx
FN:9,(anonymous_0)
FNF:1
FNH:0
FNDA:0,(anonymous_0)
DA:4,0
DA:9,0
DA:11,0
LF:3
LH:0
BRF:0
BRH:0
end_of_record
TN:
SF:src/Components/molecules/Logo/index.tsx
FN:4,(anonymous_0)
FNF:1
FNH:1
FNDA:3,(anonymous_0)
DA:4,5
DA:5,3
LF:2
LH:2
BRDA:4,0,0,2
BRF:1
BRH:1
end_of_record
TN:
SF:src/Components/molecules/NavIcon/index.tsx
FN:4,(anonymous_0)
FN:7,(anonymous_1)
FNF:2
FNH:2
FNDA:137,(anonymous_0)
FNDA:2,(anonymous_1)
DA:4,4
DA:5,137
DA:7,137
DA:8,2
DA:10,137
LF:5
LH:5
BRDA:12,0,0,136
BRDA:12,0,1,1
BRDA:13,1,0,1
BRDA:13,1,1,136
BRDA:16,2,0,1
BRDA:16,2,1,136
BRF:6
BRH:6
end_of_record
TN:
SF:src/Components/molecules/Search/index.tsx
FN:7,(anonymous_0)
FN:9,(anonymous_1)
FN:13,(anonymous_2)
FN:20,(anonymous_3)
FN:45,(anonymous_4)
FNF:5
FNH:5
FNDA:4,(anonymous_0)
FNDA:1,(anonymous_1)
FNDA:12,(anonymous_2)
FNDA:2,(anonymous_3)
FNDA:2,(anonymous_4)
DA:7,1
DA:8,4
DA:9,3
DA:10,1
DA:11,1
DA:12,1
DA:14,12
DA:15,94
DA:16,2
DA:19,10
DA:21,2
DA:29,3
DA:46,2
LF:13
LH:13
BRDA:15,0,0,2
BRDA:15,0,1,92
BRDA:15,1,0,94
BRDA:15,1,1,94
BRDA:15,1,2,82
BRDA:45,2,0,3
BRDA:45,2,1,1
BRF:7
BRH:7
end_of_record
TN:
SF:src/Components/molecules/tabs/index.stories.tsx
FN:8,(anonymous_0)
FNF:1
FNH:0
FNDA:0,(anonymous_0)
DA:3,0
DA:8,0
DA:11,0
DA:26,0
LF:4
LH:0
BRF:0
BRH:0
end_of_record
TN:
SF:src/Components/molecules/tabs/index.tsx
FN:9,(anonymous_0)
FN:17,TabsWrappedLabel
FN:21,(anonymous_2)
FN:38,(anonymous_3)
FNF:4
FNH:4
FNDA:9,(anonymous_0)
FNDA:13,TabsWrappedLabel
FNDA:4,(anonymous_2)
FNDA:31,(anonymous_3)
DA:9,9
DA:19,13
DA:20,13
DA:21,13
DA:22,4
DA:23,4
DA:26,13
DA:39,31
LF:8
LH:8
BRDA:20,0,0,13
BRDA:20,0,1,13
BRF:2
BRH:2
end_of_record
TN:
SF:src/Components/organisms/Card/index.stories.tsx
FN:15,(anonymous_0)
FNF:1
FNH:0
FNDA:0,(anonymous_0)
DA:5,0
DA:15,0
DA:18,0
DA:20,0
DA:32,0
DA:34,0
LF:6
LH:0
BRF:0
BRH:0
end_of_record
TN:
SF:src/Components/organisms/Card/index.tsx
FN:59,(anonymous_0)
FN:62,(anonymous_1)
FN:101,(anonymous_2)
FNF:3
FNH:3
FNDA:58,(anonymous_0)
FNDA:2,(anonymous_1)
FNDA:2,(anonymous_2)
DA:17,5
DA:59,5
DA:60,58
DA:61,58
DA:62,58
DA:63,2
DA:65,58
DA:102,2
LF:8
LH:8
BRDA:59,0,0,0
BRDA:68,1,0,2
BRDA:68,1,1,56
BRDA:68,2,0,58
BRDA:68,2,1,21
BRDA:75,3,0,2
BRDA:75,3,1,56
BRDA:75,4,0,58
BRDA:75,4,1,21
BRDA:94,5,0,38
BRDA:94,5,1,20
BRDA:98,6,0,38
BRDA:98,6,1,20
BRDA:106,7,0,18
BRDA:106,7,1,2
BRDA:107,8,0,2
BRDA:107,8,1,18
BRF:17
BRH:16
end_of_record
TN:
SF:src/Components/organisms/Explorer/index.stories.tsx
FN:11,(anonymous_0)
FNF:1
FNH:0
FNDA:0,(anonymous_0)
DA:11,0
DA:12,0
DA:13,0
LF:3
LH:0
BRF:0
BRH:0
end_of_record
TN:
SF:src/Components/organisms/Explorer/index.tsx
FN:15,(anonymous_0)
FN:59,(anonymous_1)
FN:184,(anonymous_2)
FNF:3
FNH:3
FNDA:5,(anonymous_0)
FNDA:6,(anonymous_1)
FNDA:130,(anonymous_2)
DA:15,5
DA:25,3
DA:59,3
DA:60,6
DA:61,5
DA:63,5
DA:170,5
DA:185,130
LF:8
LH:8
BRF:0
BRH:0
end_of_record
TN:
SF:src/Components/organisms/Footer/index.stories.tsx
FN:10,(anonymous_0)
FNF:1
FNH:0
FNDA:0,(anonymous_0)
DA:10,0
DA:11,0
DA:12,0
LF:3
LH:0
BRF:0
BRH:0
end_of_record
TN:
SF:src/Components/organisms/Footer/index.tsx
FN:5,(anonymous_0)
FN:55,(anonymous_1)
FN:63,(anonymous_2)
FNF:3
FNH:3
FNDA:2,(anonymous_0)
FNDA:6,(anonymous_1)
FNDA:24,(anonymous_2)
DA:5,3
DA:6,2
DA:35,2
DA:56,6
DA:64,24
LF:5
LH:5
BRF:0
BRH:0
end_of_record
TN:
SF:src/Components/organisms/Header/index.stories.tsx
FN:10,(anonymous_0)
FNF:1
FNH:0
FNDA:0,(anonymous_0)
DA:5,0
DA:10,0
DA:11,0
DA:16,0
LF:4
LH:0
BRF:0
BRH:0
end_of_record
TN:
SF:src/Components/organisms/Header/index.tsx
FN:17,(anonymous_0)
FN:26,(anonymous_1)
FN:29,(anonymous_2)
FN:32,(anonymous_3)
FN:83,(anonymous_4)
FN:87,(anonymous_5)
FNF:6
FNH:1
FNDA:1,(anonymous_0)
FNDA:0,(anonymous_1)
FNDA:0,(anonymous_2)
FNDA:0,(anonymous_3)
FNDA:0,(anonymous_4)
FNDA:0,(anonymous_5)
DA:17,3
DA:18,1
DA:23,1
DA:24,1
DA:26,1
DA:27,0
DA:29,1
DA:30,0
DA:32,1
DA:33,0
DA:37,1
DA:83,0
DA:87,0
LF:13
LH:8
BRDA:48,0,0,0
BRDA:48,0,1,1
BRDA:59,1,0,1
BRDA:59,1,1,0
BRDA:80,2,0,1
BRDA:80,2,1,0
BRF:6
BRH:3
end_of_record
TN:
SF:src/Components/pages/BookInfoPage/index.tsx
FN:76,(anonymous_0)
FN:96,(anonymous_1)
FN:99,(anonymous_2)
FN:109,(anonymous_3)
FN:110,(anonymous_4)
FN:119,(anonymous_5)
FN:121,(anonymous_6)
FN:137,(anonymous_7)
FNF:8
FNH:6
FNDA:13,(anonymous_0)
FNDA:2,(anonymous_1)
FNDA:4,(anonymous_2)
FNDA:4,(anonymous_3)
FNDA:4,(anonymous_4)
FNDA:0,(anonymous_5)
FNDA:0,(anonymous_6)
FNDA:5,(anonymous_7)
DA:16,3
DA:76,3
DA:77,13
DA:78,13
DA:79,13
DA:93,13
DA:94,13
DA:95,13
DA:96,13
DA:97,2
DA:99,13
DA:100,4
DA:101,8
DA:102,8
DA:103,0
DA:104,0
DA:107,4
DA:109,13
DA:110,4
DA:111,4
DA:112,4
DA:113,4
DA:115,4
DA:116,4
DA:119,13
DA:121,0
DA:122,0
DA:123,0
DA:124,0
DA:125,0
DA:126,0
DA:133,0
DA:134,0
DA:137,13
DA:138,5
DA:139,3
DA:144,2
DA:145,1
DA:150,1
DA:151,1
DA:158,13
LF:41
LH:31
BRDA:102,0,0,0
BRDA:102,0,1,8
BRDA:138,1,0,3
BRDA:138,1,1,2
BRDA:144,2,0,1
BRDA:144,2,1,1
BRDA:150,3,0,1
BRDA:150,3,1,0
BRDA:159,4,0,8
BRDA:159,4,1,5
BRDA:191,5,0,0
BRDA:191,5,1,5
BRF:12
BRH:9
end_of_record
TN:
SF:src/Components/pages/EntrepreneurPage/index.tsx
FN:36,(anonymous_0)
FN:38,(anonymous_1)
FN:39,(anonymous_2)
FN:51,(anonymous_3)
FN:76,(anonymous_4)
FN:85,(anonymous_5)
FNF:6
FNH:6
FNDA:4,(anonymous_0)
FNDA:36,(anonymous_1)
FNDA:66,(anonymous_2)
FNDA:1,(anonymous_3)
FNDA:12,(anonymous_4)
FNDA:36,(anonymous_5)
DA:11,3
DA:36,3
DA:37,4
DA:38,4
DA:39,36
DA:40,66
DA:41,204
DA:42,24
DA:45,42
DA:47,36
DA:48,36
DA:51,4
DA:53,1
DA:57,1
DA:58,1
DA:59,1
DA:66,0
DA:69,4
DA:77,12
DA:86,36
DA:87,36
DA:88,36
LF:22
LH:21
BRDA:41,0,0,24
BRDA:41,0,1,180
BRDA:48,1,0,6
BRDA:48,1,1,30
BRDA:83,2,0,3
BRDA:83,2,1,9
BRF:6
BRH:6
end_of_record
TN:
SF:src/Components/pages/MyLibrary/index.tsx
FN:22,(anonymous_0)
FN:37,(anonymous_1)
FN:41,(anonymous_2)
FN:49,(anonymous_3)
FN:66,(anonymous_4)
FNF:5
FNH:5
FNDA:5,(anonymous_0)
FNDA:1,(anonymous_1)
FNDA:5,(anonymous_2)
FNDA:6,(anonymous_3)
FNDA:6,(anonymous_4)
DA:13,3
DA:22,3
DA:23,5
DA:24,5
DA:26,5
DA:36,5
DA:37,5
DA:38,1
DA:41,5
DA:43,5
DA:45,1
DA:48,4
DA:49,3
DA:50,6
DA:51,6
DA:65,1
DA:66,1
DA:67,6
DA:68,6
DA:89,5
LF:20
LH:20
BRDA:43,0,0,1
BRDA:43,0,1,4
BRDA:48,1,0,3
BRDA:48,1,1,1
BRDA:51,2,0,6
BRDA:51,2,1,6
BRDA:65,3,0,1
BRDA:65,3,1,0
BRF:8
BRH:7
end_of_record
TN:
SF:src/Themes/main.tsx
FNF:0
FNH:0
DA:58,8
LF:1
LH:1
BRF:0
BRH:0
end_of_record
TN:
SF:src/Themes/tabsTheme.tsx
FNF:0
FNH:0
DA:2,1
LF:1
LH:1
BRF:0
BRH:0
end_of_record
TN:
SF:src/Themes/theme.tsx
FNF:0
FNH:0
DA:5,15
LF:1
LH:1
BRF:0
BRH:0
end_of_record
